<?xml version="1.0" encoding="UTF-8"?>
<testng-results ignored="0" total="1" passed="1" failed="0" skipped="0">
  <reporter-output>
  </reporter-output>
  <suite started-at="2024-02-12T12:36:58 IST" name="Default suite" finished-at="2024-02-12T12:36:58 IST" duration-ms="362">
    <groups>
    </groups>
    <test started-at="2024-02-12T12:36:58 IST" name="Default test" finished-at="2024-02-12T12:36:58 IST" duration-ms="362">
      <class name="testScripts.DbEmployeetable">
        <test-method is-config="true" signature="setUp()[pri:0, instance:testScripts.DbEmployeetable@7bba5817]" started-at="2024-02-12T12:36:58 IST" name="setUp" finished-at="2024-02-12T12:36:58 IST" duration-ms="304" status="PASS">
          <reporter-output>
          </reporter-output>
        </test-method> <!-- setUp -->
        <test-method signature="test()[pri:0, instance:testScripts.DbEmployeetable@7bba5817]" started-at="2024-02-12T12:36:58 IST" name="test" finished-at="2024-02-12T12:36:58 IST" duration-ms="8" status="PASS">
          <reporter-output>
          </reporter-output>
        </test-method> <!-- test -->
        <test-method is-config="true" signature="tearDown()[pri:0, instance:testScripts.DbEmployeetable@7bba5817]" started-at="2024-02-12T12:36:58 IST" name="tearDown" finished-at="2024-02-12T12:36:58 IST" duration-ms="0" status="PASS">
          <reporter-output>
          </reporter-output>
        </test-method> <!-- tearDown -->
      </class> <!-- testScripts.DbEmployeetable -->
    </test> <!-- Default test -->
  </suite> <!-- Default suite -->
</testng-results>
